<?xml version="1.0" encoding="UTF-8"?>
<!-- Generated by org.testng.reporters.JUnitReportReporter -->
<testsuite hostname="Davids-MBP-2" failures="0" tests="1" name="com.exercise.tests.CreateNewPageTest" time="44.331" errors="0" timestamp="03 Feb. 2019 02:04:17 GMT" skipped="0">
  <testcase classname="com.exercise.tests.CreateNewPageTest" name="CreateNewPageTests" time="44.331"/>
</testsuite> <!-- com.exercise.tests.CreateNewPageTest -->
